[35m[Appium][39m Welcome to Appium v1.22.3
[35m[Appium][39m Non-default server args:
[35m[Appium][39m   port: 54011
[35m[Appium][39m   loglevel: info
[35m[Appium][39m   tmpDir: C:\Users\ASUS\AppData\Local\Temp\\Katalon\Appium\Temp1667995675006
[35m[Appium][39m   chromedriverPort: 54012
[35m[Appium][39m Deprecated server args:
[35m[Appium][39m   [31m--chromedriver-port[39m => --default-capabilities
[35m[Appium][39m Default capabilities, which will be added to each request unless overridden by desired capabilities:
[35m[Appium][39m   chromedriverPort: 54012
[35m[Appium][39m Appium REST http interface listener started on 0.0.0.0:54011
[35m[HTTP][39m [37m-->[39m [37mGET[39m [37m/wd/hub/status[39m
[35m[HTTP][39m [90m{}[39m
[35m[HTTP][39m [37m<-- GET /wd/hub/status [39m[32m200[39m [90m13 ms - 68[39m
[35m[HTTP][39m [90m[39m
[35m[HTTP][39m [37m-->[39m [37mGET[39m [37m/wd/hub/status[39m
[35m[HTTP][39m [90m{}[39m
[35m[HTTP][39m [37m<-- GET /wd/hub/status [39m[32m200[39m [90m2 ms - 68[39m
[35m[HTTP][39m [90m[39m
[35m[HTTP][39m [37m-->[39m [37mPOST[39m [37m/wd/hub/session[39m
[35m[HTTP][39m [90m{"desiredCapabilities":{"app":"C:\\Users\\ASUS\\Downloads\\mobileappv2\\app-release.apk","noReset":true,"deviceName":"samsung SM-J530Y (Android 9)","fullReset":false,"platform":"ANDROID","newCommandTimeout":1800,"platformVersion":"9","automationName":"uiautomator2","autoGrantPermissions":true,"platformName":"Android","udid":"5200f6724a5a35fb","systemPort":54020},"capabilities":{"firstMatch":[{"appium:app":"C:\\Users\\ASUS\\Downloads\\mobileappv2\\app-release.apk","appium:autoGrantPermissions":true,"appium:automationName":"uiautomator2","appium:deviceName":"samsung SM-J530Y (Android 9)","appium:fullReset":false,"appium:newCommandTimeout":1800,"appium:noReset":true,"platform":"ANDROID","platformName":"android","appium:platformVersion":"9","appium:systemPort":54020,"appium:udid":"5200f6724a5a35fb"}]}}[39m
[35m[BaseDriver][39m The following capabilities are not standard capabilities and should have an extension prefix:
[35m[BaseDriver][39m   platform
[35m[BaseDriver][39m   chromedriverPort
[35m[Appium][39m Appium v1.22.3 creating new AndroidUiautomator2Driver (v1.70.1) session
[35m[BaseDriver][39m The following capabilities were provided, but are not recognized by Appium:
[35m[BaseDriver][39m   platform
[35m[BaseDriver][39m Session created with session id: b08a9067-bd42-4efb-b035-24fc2e49b9c3
[35m[BaseDriver][39m Using local app 'C:\Users\ASUS\Downloads\mobileappv2\app-release.apk'
[35m[ADB][39m Found 4 'build-tools' folders under 'C:\Users\ASUS\AppData\Local\Android\Sdk' (newest first):
[35m[ADB][39m     C:/Users/ASUS/AppData/Local/Android/Sdk/build-tools/33.0.0-rc3
[35m[ADB][39m     C:/Users/ASUS/AppData/Local/Android/Sdk/build-tools/32.1.0-rc1
[35m[ADB][39m     C:/Users/ASUS/AppData/Local/Android/Sdk/build-tools/32.0.0
[35m[ADB][39m     C:/Users/ASUS/AppData/Local/Android/Sdk/build-tools/30.0.3
[35m[ADB][39m Using 'adb.exe' from 'C:\Users\ASUS\AppData\Local\Android\Sdk\platform-tools\adb.exe'
[35m[AndroidDriver][39m Retrieving device list
[35m[AndroidDriver][39m Using device: 5200f6724a5a35fb
[35m[ADB][39m Using 'adb.exe' from 'C:\Users\ASUS\AppData\Local\Android\Sdk\platform-tools\adb.exe'
[35m[ADB][39m Getting device platform version
[35m[UiAutomator2][39m Relaxing hidden api policy
[35m[ADB][39m Package name: 'com.example.frontend_mobile'
[35m[ADB][39m Main activity name: 'com.example.frontend_mobile.MainActivity'
[35m[ADB][39m Using 'apksigner.jar' from 'C:\Users\ASUS\AppData\Local\Android\Sdk\build-tools\33.0.0-rc3\lib\apksigner.jar'
[35m[ADB][39m 'C:\Users\ASUS\AppData\Roaming\npm\node_modules\appium\node_modules\appium-uiautomator2-server\apks\appium-uiautomator2-server-v4.27.0.apk' is signed with the default certificate
[35m[ADB][39m 'C:\Users\ASUS\AppData\Roaming\npm\node_modules\appium\node_modules\appium-uiautomator2-server\apks\appium-uiautomator2-server-debug-androidTest.apk' is signed with the default certificate
[35m[UiAutomator2][39m Server packages are not going to be (re)installed
[35m[ADB][39m Adding packages ["io.appium.settings","io.appium.uiautomator2.server","io.appium.uiautomator2.server.test"] to Doze whitelist
[35m[ADB][39m 'C:\Users\ASUS\Downloads\mobileappv2\app-release.apk' is signed with a non-default certificate
[35m[ADB][39m The application at 'C:\Users\ASUS\Downloads\mobileappv2\app-release.apk' will not be cached, because the device under test has confirmed the support of streamed installs
[35m[ADB][39m The installation of 'app-release.apk' took 21219ms
[35m[UiAutomator2][39m Starting UIAutomator2 server 4.27.0
[35m[UiAutomator2][39m Using UIAutomator2 server from 'C:\Users\ASUS\AppData\Roaming\npm\node_modules\appium\node_modules\appium-uiautomator2-server\apks\appium-uiautomator2-server-v4.27.0.apk' and test from 'C:\Users\ASUS\AppData\Roaming\npm\node_modules\appium\node_modules\appium-uiautomator2-server\apks\appium-uiautomator2-server-debug-androidTest.apk'
[35m[UiAutomator2][39m Waiting up to 30000ms for UiAutomator2 to be online...
[35m[WD Proxy][39m socket hang up
[35m[WD Proxy][39m socket hang up
[35m[WD Proxy][39m socket hang up
[35m[WD Proxy][39m socket hang up
[35m[WD Proxy][39m socket hang up
[35m[WD Proxy][39m socket hang up
[35m[WD Proxy][39m socket hang up
[35m[WD Proxy][39m Determined the downstream protocol as 'W3C'
[35m[AndroidDriver][39m Screen already unlocked, doing nothing
[35m[UiAutomator2][39m Starting 'com.example.frontend_mobile/com.example.frontend_mobile.MainActivity and waiting for 'com.example.frontend_mobile/com.example.frontend_mobile.MainActivity'
[35m[Appium][39m New AndroidUiautomator2Driver session created successfully, session b08a9067-bd42-4efb-b035-24fc2e49b9c3 added to master session list
[35m[HTTP][39m [37m<-- POST /wd/hub/session [39m[32m200[39m [90m40810 ms - 1289[39m
[35m[HTTP][39m [90m[39m
[35m[HTTP][39m [37m-->[39m [37mGET[39m [37m/wd/hub/session/b08a9067-bd42-4efb-b035-24fc2e49b9c3[39m
[35m[HTTP][39m [90m{}[39m
[35m[HTTP][39m [37m<-- GET /wd/hub/session/b08a9067-bd42-4efb-b035-24fc2e49b9c3 [39m[32m200[39m [90m34 ms - 1243[39m
[35m[HTTP][39m [90m[39m
[35m[HTTP][39m [37m-->[39m [37mGET[39m [37m/wd/hub/session/b08a9067-bd42-4efb-b035-24fc2e49b9c3[39m
[35m[HTTP][39m [90m{}[39m
[35m[HTTP][39m [37m<-- GET /wd/hub/session/b08a9067-bd42-4efb-b035-24fc2e49b9c3 [39m[32m200[39m [90m34 ms - 1243[39m
[35m[HTTP][39m [90m[39m
[35m[HTTP][39m [37m-->[39m [37mGET[39m [37m/wd/hub/status[39m
[35m[HTTP][39m [90m{}[39m
[35m[HTTP][39m [37m<-- GET /wd/hub/status [39m[32m200[39m [90m4 ms - 68[39m
[35m[HTTP][39m [90m[39m
[35m[HTTP][39m [37m-->[39m [37mPOST[39m [37m/wd/hub/session/b08a9067-bd42-4efb-b035-24fc2e49b9c3/timeouts[39m
[35m[HTTP][39m [90m{"implicit":60000}[39m
[35m[HTTP][39m [37m<-- POST /wd/hub/session/b08a9067-bd42-4efb-b035-24fc2e49b9c3/timeouts [39m[32m200[39m [90m6 ms - 14[39m
[35m[HTTP][39m [90m[39m
[35m[HTTP][39m [37m-->[39m [37mGET[39m [37m/wd/hub/session/b08a9067-bd42-4efb-b035-24fc2e49b9c3/source[39m
[35m[HTTP][39m [90m{}[39m
[35m[W3C (b08a9067)][39m Driver proxy active, passing request on via HTTP proxy
[35m[WD Proxy][39m Replacing sessionId b761e5a0-cf81-4fcc-95f6-cd293c67bb2c with b08a9067-bd42-4efb-b035-24fc2e49b9c3
[35m[HTTP][39m [37m<-- GET /wd/hub/session/b08a9067-bd42-4efb-b035-24fc2e49b9c3/source [39m[32m200[39m [90m241 ms - 5699[39m
[35m[HTTP][39m [90m[39m
[35m[HTTP][39m [37m-->[39m [37mGET[39m [37m/wd/hub/session/b08a9067-bd42-4efb-b035-24fc2e49b9c3/screenshot[39m
[35m[HTTP][39m [90m{}[39m
[35m[HTTP][39m [37m<-- GET /wd/hub/session/b08a9067-bd42-4efb-b035-24fc2e49b9c3/screenshot [39m[32m200[39m [90m621 ms - 36808[39m
[35m[HTTP][39m [90m[39m
[35m[HTTP][39m [37m-->[39m [37mGET[39m [37m/wd/hub/session/b08a9067-bd42-4efb-b035-24fc2e49b9c3/source[39m
[35m[HTTP][39m [90m{}[39m
[35m[W3C (b08a9067)][39m Driver proxy active, passing request on via HTTP proxy
[35m[WD Proxy][39m Replacing sessionId b761e5a0-cf81-4fcc-95f6-cd293c67bb2c with b08a9067-bd42-4efb-b035-24fc2e49b9c3
[35m[HTTP][39m [37m<-- GET /wd/hub/session/b08a9067-bd42-4efb-b035-24fc2e49b9c3/source [39m[32m200[39m [90m494 ms - 16202[39m
[35m[HTTP][39m [90m[39m
[35m[HTTP][39m [37m-->[39m [37mGET[39m [37m/wd/hub/session/b08a9067-bd42-4efb-b035-24fc2e49b9c3/screenshot[39m
[35m[HTTP][39m [90m{}[39m
[35m[HTTP][39m [37m<-- GET /wd/hub/session/b08a9067-bd42-4efb-b035-24fc2e49b9c3/screenshot [39m[32m200[39m [90m719 ms - 100834[39m
[35m[HTTP][39m [90m[39m
[35m[HTTP][39m [37m-->[39m [37mPOST[39m [37m/wd/hub/session/b08a9067-bd42-4efb-b035-24fc2e49b9c3/elements[39m
[35m[HTTP][39m [90m{"using":"xpath","value":"//*[@class = 'android.widget.Button' and @resource-id = '' and (@text = '' or . = '')]"}[39m
[35m[HTTP][39m [37m<-- POST /wd/hub/session/b08a9067-bd42-4efb-b035-24fc2e49b9c3/elements [39m[32m200[39m [90m1847 ms - 779[39m
[35m[HTTP][39m [90m[39m
[35m[HTTP][39m [37m-->[39m [37mPOST[39m [37m/wd/hub/session/b08a9067-bd42-4efb-b035-24fc2e49b9c3/elements[39m
[35m[HTTP][39m [90m{"using":"-android uiautomator","value":"new UiSelector().className(\"android.widget.Button\").resourceId(\"\")"}[39m
[35m[HTTP][39m [37m<-- POST /wd/hub/session/b08a9067-bd42-4efb-b035-24fc2e49b9c3/elements [39m[32m200[39m [90m737 ms - 779[39m
[35m[HTTP][39m [90m[39m
[35m[HTTP][39m [37m-->[39m [37mGET[39m [37m/wd/hub/session/b08a9067-bd42-4efb-b035-24fc2e49b9c3/window/rect[39m
[35m[HTTP][39m [90m{}[39m
[35m[HTTP][39m [37m<-- GET /wd/hub/session/b08a9067-bd42-4efb-b035-24fc2e49b9c3/window/rect [39m[32m200[39m [90m45 ms - 49[39m
[35m[HTTP][39m [90m[39m
[35m[HTTP][39m [37m-->[39m [37mPOST[39m [37m/wd/hub/session/b08a9067-bd42-4efb-b035-24fc2e49b9c3/elements[39m
[35m[HTTP][39m [90m{"using":"xpath","value":"//hierarchy/android.widget.FrameLayout[1]/android.widget.LinearLayout[1]/android.widget.FrameLayout[1]/android.widget.FrameLayout[1]/android.view.View[1]/android.view.View[1]/android.view.View[1]/android.view.View[1]/android.view.View[1]/android.widget.Button[1]"}[39m
[35m[HTTP][39m [37m<-- POST /wd/hub/session/b08a9067-bd42-4efb-b035-24fc2e49b9c3/elements [39m[32m200[39m [90m371 ms - 139[39m
[35m[HTTP][39m [90m[39m
[35m[HTTP][39m [37m-->[39m [37mGET[39m [37m/wd/hub/session/b08a9067-bd42-4efb-b035-24fc2e49b9c3/element/00000000-0000-000a-0000-000700000000/location[39m
[35m[HTTP][39m [90m{}[39m
[35m[W3C (b08a9067)][39m Driver proxy active, passing request on via HTTP proxy
[35m[WD Proxy][39m Replacing sessionId b761e5a0-cf81-4fcc-95f6-cd293c67bb2c with b08a9067-bd42-4efb-b035-24fc2e49b9c3
[35m[HTTP][39m [37m<-- GET /wd/hub/session/b08a9067-bd42-4efb-b035-24fc2e49b9c3/element/00000000-0000-000a-0000-000700000000/location [39m[32m200[39m [90m69 ms - 77[39m
[35m[HTTP][39m [90m[39m
[35m[HTTP][39m [37m-->[39m [37mPOST[39m [37m/wd/hub/session/b08a9067-bd42-4efb-b035-24fc2e49b9c3/element/00000000-0000-000a-0000-000700000000/click[39m
[35m[HTTP][39m [90m{"id":"00000000-0000-000a-0000-000700000000"}[39m
[35m[HTTP][39m [37m<-- POST /wd/hub/session/b08a9067-bd42-4efb-b035-24fc2e49b9c3/element/00000000-0000-000a-0000-000700000000/click [39m[32m200[39m [90m65 ms - 14[39m
[35m[HTTP][39m [90m[39m
[35m[HTTP][39m [37m-->[39m [37mGET[39m [37m/wd/hub/session/b08a9067-bd42-4efb-b035-24fc2e49b9c3/source[39m
[35m[HTTP][39m [90m{}[39m
[35m[W3C (b08a9067)][39m Driver proxy active, passing request on via HTTP proxy
[35m[WD Proxy][39m Replacing sessionId b761e5a0-cf81-4fcc-95f6-cd293c67bb2c with b08a9067-bd42-4efb-b035-24fc2e49b9c3
[35m[HTTP][39m [37m<-- GET /wd/hub/session/b08a9067-bd42-4efb-b035-24fc2e49b9c3/source [39m[32m200[39m [90m349 ms - 6981[39m
[35m[HTTP][39m [90m[39m
[35m[HTTP][39m [37m-->[39m [37mGET[39m [37m/wd/hub/session/b08a9067-bd42-4efb-b035-24fc2e49b9c3/screenshot[39m
[35m[HTTP][39m [90m{}[39m
[35m[HTTP][39m [37m<-- GET /wd/hub/session/b08a9067-bd42-4efb-b035-24fc2e49b9c3/screenshot [39m[32m200[39m [90m585 ms - 40364[39m
[35m[HTTP][39m [90m[39m
[35m[HTTP][39m [37m-->[39m [37mPOST[39m [37m/wd/hub/session/b08a9067-bd42-4efb-b035-24fc2e49b9c3/elements[39m
[35m[HTTP][39m [90m{"using":"xpath","value":"//*[@class = 'android.widget.EditText' and (@text = 'Email' or . = 'Email') and @resource-id = '']"}[39m
[35m[HTTP][39m [37m<-- POST /wd/hub/session/b08a9067-bd42-4efb-b035-24fc2e49b9c3/elements [39m[32m200[39m [90m447 ms - 139[39m
[35m[HTTP][39m [90m[39m
[35m[HTTP][39m [37m-->[39m [37mGET[39m [37m/wd/hub/session/b08a9067-bd42-4efb-b035-24fc2e49b9c3/window/rect[39m
[35m[HTTP][39m [90m{}[39m
[35m[HTTP][39m [37m<-- GET /wd/hub/session/b08a9067-bd42-4efb-b035-24fc2e49b9c3/window/rect [39m[32m200[39m [90m44 ms - 49[39m
[35m[HTTP][39m [90m[39m
[35m[HTTP][39m [37m-->[39m [37mPOST[39m [37m/wd/hub/session/b08a9067-bd42-4efb-b035-24fc2e49b9c3/elements[39m
[35m[HTTP][39m [90m{"using":"xpath","value":"//*[@class = 'android.widget.EditText' and (@text = 'Email' or . = 'Email') and @resource-id = '']"}[39m
[35m[HTTP][39m [37m<-- POST /wd/hub/session/b08a9067-bd42-4efb-b035-24fc2e49b9c3/elements [39m[32m200[39m [90m291 ms - 139[39m
[35m[HTTP][39m [90m[39m
[35m[HTTP][39m [37m-->[39m [37mGET[39m [37m/wd/hub/session/b08a9067-bd42-4efb-b035-24fc2e49b9c3/element/00000000-0000-000a-0000-002b00000000/location[39m
[35m[HTTP][39m [90m{}[39m
[35m[W3C (b08a9067)][39m Driver proxy active, passing request on via HTTP proxy
[35m[WD Proxy][39m Replacing sessionId b761e5a0-cf81-4fcc-95f6-cd293c67bb2c with b08a9067-bd42-4efb-b035-24fc2e49b9c3
[35m[HTTP][39m [37m<-- GET /wd/hub/session/b08a9067-bd42-4efb-b035-24fc2e49b9c3/element/00000000-0000-000a-0000-002b00000000/location [39m[32m200[39m [90m36 ms - 77[39m
[35m[HTTP][39m [90m[39m
[35m[HTTP][39m [37m-->[39m [37mPOST[39m [37m/wd/hub/session/b08a9067-bd42-4efb-b035-24fc2e49b9c3/element/00000000-0000-000a-0000-002b00000000/click[39m
[35m[HTTP][39m [90m{"id":"00000000-0000-000a-0000-002b00000000"}[39m
[35m[HTTP][39m [37m<-- POST /wd/hub/session/b08a9067-bd42-4efb-b035-24fc2e49b9c3/element/00000000-0000-000a-0000-002b00000000/click [39m[32m200[39m [90m71 ms - 14[39m
[35m[HTTP][39m [90m[39m
[35m[HTTP][39m [37m-->[39m [37mGET[39m [37m/wd/hub/session/b08a9067-bd42-4efb-b035-24fc2e49b9c3/source[39m
[35m[HTTP][39m [90m{}[39m
[35m[W3C (b08a9067)][39m Driver proxy active, passing request on via HTTP proxy
[35m[WD Proxy][39m Replacing sessionId b761e5a0-cf81-4fcc-95f6-cd293c67bb2c with b08a9067-bd42-4efb-b035-24fc2e49b9c3
[35m[HTTP][39m [37m<-- GET /wd/hub/session/b08a9067-bd42-4efb-b035-24fc2e49b9c3/source [39m[32m200[39m [90m208 ms - 7170[39m
[35m[HTTP][39m [90m[39m
[35m[HTTP][39m [37m-->[39m [37mGET[39m [37m/wd/hub/session/b08a9067-bd42-4efb-b035-24fc2e49b9c3/screenshot[39m
[35m[HTTP][39m [90m{}[39m
[35m[HTTP][39m [37m<-- GET /wd/hub/session/b08a9067-bd42-4efb-b035-24fc2e49b9c3/screenshot [39m[32m200[39m [90m742 ms - 113512[39m
[35m[HTTP][39m [90m[39m
[35m[HTTP][39m [37m-->[39m [37mPOST[39m [37m/wd/hub/session/b08a9067-bd42-4efb-b035-24fc2e49b9c3/elements[39m
[35m[HTTP][39m [90m{"using":"xpath","value":"//*[@class = 'android.widget.EditText' and (@text = 'Email' or . = 'Email') and @resource-id = '']"}[39m
[35m[HTTP][39m [37m<-- POST /wd/hub/session/b08a9067-bd42-4efb-b035-24fc2e49b9c3/elements [39m[32m200[39m [90m409 ms - 139[39m
[35m[HTTP][39m [90m[39m
[35m[HTTP][39m [37m-->[39m [37mGET[39m [37m/wd/hub/session/b08a9067-bd42-4efb-b035-24fc2e49b9c3/window/rect[39m
[35m[HTTP][39m [90m{}[39m
[35m[HTTP][39m [37m<-- GET /wd/hub/session/b08a9067-bd42-4efb-b035-24fc2e49b9c3/window/rect [39m[32m200[39m [90m31 ms - 49[39m
[35m[HTTP][39m [90m[39m
[35m[HTTP][39m [37m-->[39m [37mPOST[39m [37m/wd/hub/session/b08a9067-bd42-4efb-b035-24fc2e49b9c3/elements[39m
[35m[HTTP][39m [90m{"using":"xpath","value":"//*[@class = 'android.widget.EditText' and (@text = 'Email' or . = 'Email') and @resource-id = '']"}[39m
[35m[HTTP][39m [37m<-- POST /wd/hub/session/b08a9067-bd42-4efb-b035-24fc2e49b9c3/elements [39m[32m200[39m [90m299 ms - 139[39m
[35m[HTTP][39m [90m[39m
[35m[HTTP][39m [37m-->[39m [37mGET[39m [37m/wd/hub/session/b08a9067-bd42-4efb-b035-24fc2e49b9c3/element/00000000-0000-000a-0000-002b00000000/location[39m
[35m[HTTP][39m [90m{}[39m
[35m[W3C (b08a9067)][39m Driver proxy active, passing request on via HTTP proxy
[35m[WD Proxy][39m Replacing sessionId b761e5a0-cf81-4fcc-95f6-cd293c67bb2c with b08a9067-bd42-4efb-b035-24fc2e49b9c3
[35m[HTTP][39m [37m<-- GET /wd/hub/session/b08a9067-bd42-4efb-b035-24fc2e49b9c3/element/00000000-0000-000a-0000-002b00000000/location [39m[32m200[39m [90m38 ms - 77[39m
[35m[HTTP][39m [90m[39m
[35m[HTTP][39m [37m-->[39m [37mPOST[39m [37m/wd/hub/session/b08a9067-bd42-4efb-b035-24fc2e49b9c3/element/00000000-0000-000a-0000-002b00000000/clear[39m
[35m[HTTP][39m [90m{"id":"00000000-0000-000a-0000-002b00000000"}[39m
[35m[HTTP][39m [37m<-- POST /wd/hub/session/b08a9067-bd42-4efb-b035-24fc2e49b9c3/element/00000000-0000-000a-0000-002b00000000/clear [39m[32m200[39m [90m39 ms - 14[39m
[35m[HTTP][39m [90m[39m
[35m[HTTP][39m [37m-->[39m [37mPOST[39m [37m/wd/hub/session/b08a9067-bd42-4efb-b035-24fc2e49b9c3/element/00000000-0000-000a-0000-002b00000000/value[39m
[35m[HTTP][39m [90m{"id":"00000000-0000-000a-0000-002b00000000","text":"sarah123@gmail.com","value":["s","a","r","a","h","1","2","3","@","g","m","a","i","l",".","c","o","m"]}[39m
[35m[HTTP][39m [37m<-- POST /wd/hub/session/b08a9067-bd42-4efb-b035-24fc2e49b9c3/element/00000000-0000-000a-0000-002b00000000/value [39m[32m200[39m [90m102 ms - 14[39m
[35m[HTTP][39m [90m[39m
[35m[HTTP][39m [37m-->[39m [37mGET[39m [37m/wd/hub/session/b08a9067-bd42-4efb-b035-24fc2e49b9c3/source[39m
[35m[HTTP][39m [90m{}[39m
[35m[W3C (b08a9067)][39m Driver proxy active, passing request on via HTTP proxy
[35m[WD Proxy][39m Replacing sessionId b761e5a0-cf81-4fcc-95f6-cd293c67bb2c with b08a9067-bd42-4efb-b035-24fc2e49b9c3
[35m[HTTP][39m [37m<-- GET /wd/hub/session/b08a9067-bd42-4efb-b035-24fc2e49b9c3/source [39m[32m200[39m [90m156 ms - 6999[39m
[35m[HTTP][39m [90m[39m
[35m[HTTP][39m [37m-->[39m [37mGET[39m [37m/wd/hub/session/b08a9067-bd42-4efb-b035-24fc2e49b9c3/screenshot[39m
[35m[HTTP][39m [90m{}[39m
[35m[HTTP][39m [37m<-- GET /wd/hub/session/b08a9067-bd42-4efb-b035-24fc2e49b9c3/screenshot [39m[32m200[39m [90m666 ms - 122088[39m
[35m[HTTP][39m [90m[39m
[35m[HTTP][39m [37m-->[39m [37mPOST[39m [37m/wd/hub/session/b08a9067-bd42-4efb-b035-24fc2e49b9c3/elements[39m
[35m[HTTP][39m [90m{"using":"xpath","value":"//*[@class = 'android.widget.EditText' and (@text = 'Password' or . = 'Password') and @resource-id = '']"}[39m
[35m[HTTP][39m [37m<-- POST /wd/hub/session/b08a9067-bd42-4efb-b035-24fc2e49b9c3/elements [39m[32m200[39m [90m292 ms - 139[39m
[35m[HTTP][39m [90m[39m
[35m[HTTP][39m [37m-->[39m [37mGET[39m [37m/wd/hub/session/b08a9067-bd42-4efb-b035-24fc2e49b9c3/window/rect[39m
[35m[HTTP][39m [90m{}[39m
[35m[HTTP][39m [37m<-- GET /wd/hub/session/b08a9067-bd42-4efb-b035-24fc2e49b9c3/window/rect [39m[32m200[39m [90m30 ms - 49[39m
[35m[HTTP][39m [90m[39m
[35m[HTTP][39m [37m-->[39m [37mPOST[39m [37m/wd/hub/session/b08a9067-bd42-4efb-b035-24fc2e49b9c3/elements[39m
[35m[HTTP][39m [90m{"using":"xpath","value":"//*[@class = 'android.widget.EditText' and (@text = 'Password' or . = 'Password') and @resource-id = '']"}[39m
[35m[HTTP][39m [37m<-- POST /wd/hub/session/b08a9067-bd42-4efb-b035-24fc2e49b9c3/elements [39m[32m200[39m [90m241 ms - 139[39m
[35m[HTTP][39m [90m[39m
[35m[HTTP][39m [37m-->[39m [37mGET[39m [37m/wd/hub/session/b08a9067-bd42-4efb-b035-24fc2e49b9c3/element/00000000-0000-000a-0000-002c00000000/location[39m
[35m[HTTP][39m [90m{}[39m
[35m[W3C (b08a9067)][39m Driver proxy active, passing request on via HTTP proxy
[35m[WD Proxy][39m Replacing sessionId b761e5a0-cf81-4fcc-95f6-cd293c67bb2c with b08a9067-bd42-4efb-b035-24fc2e49b9c3
[35m[HTTP][39m [37m<-- GET /wd/hub/session/b08a9067-bd42-4efb-b035-24fc2e49b9c3/element/00000000-0000-000a-0000-002c00000000/location [39m[32m200[39m [90m35 ms - 77[39m
[35m[HTTP][39m [90m[39m
[35m[HTTP][39m [37m-->[39m [37mPOST[39m [37m/wd/hub/session/b08a9067-bd42-4efb-b035-24fc2e49b9c3/element/00000000-0000-000a-0000-002c00000000/click[39m
[35m[HTTP][39m [90m{"id":"00000000-0000-000a-0000-002c00000000"}[39m
[35m[HTTP][39m [37m<-- POST /wd/hub/session/b08a9067-bd42-4efb-b035-24fc2e49b9c3/element/00000000-0000-000a-0000-002c00000000/click [39m[32m200[39m [90m44 ms - 14[39m
[35m[HTTP][39m [90m[39m
[35m[HTTP][39m [37m-->[39m [37mGET[39m [37m/wd/hub/session/b08a9067-bd42-4efb-b035-24fc2e49b9c3/source[39m
[35m[HTTP][39m [90m{}[39m
[35m[W3C (b08a9067)][39m Driver proxy active, passing request on via HTTP proxy
[35m[WD Proxy][39m Replacing sessionId b761e5a0-cf81-4fcc-95f6-cd293c67bb2c with b08a9067-bd42-4efb-b035-24fc2e49b9c3
[35m[HTTP][39m [37m<-- GET /wd/hub/session/b08a9067-bd42-4efb-b035-24fc2e49b9c3/source [39m[32m200[39m [90m367 ms - 6999[39m
[35m[HTTP][39m [90m[39m
[35m[HTTP][39m [37m-->[39m [37mGET[39m [37m/wd/hub/session/b08a9067-bd42-4efb-b035-24fc2e49b9c3/screenshot[39m
[35m[HTTP][39m [90m{}[39m
[35m[HTTP][39m [37m<-- GET /wd/hub/session/b08a9067-bd42-4efb-b035-24fc2e49b9c3/screenshot [39m[32m200[39m [90m689 ms - 120934[39m
[35m[HTTP][39m [90m[39m
[35m[HTTP][39m [37m-->[39m [37mPOST[39m [37m/wd/hub/session/b08a9067-bd42-4efb-b035-24fc2e49b9c3/elements[39m
[35m[HTTP][39m [90m{"using":"xpath","value":"//*[@class = 'android.widget.EditText' and (@text = 'Password' or . = 'Password') and @resource-id = '']"}[39m
[35m[HTTP][39m [37m<-- POST /wd/hub/session/b08a9067-bd42-4efb-b035-24fc2e49b9c3/elements [39m[32m200[39m [90m277 ms - 139[39m
[35m[HTTP][39m [90m[39m
[35m[HTTP][39m [37m-->[39m [37mGET[39m [37m/wd/hub/session/b08a9067-bd42-4efb-b035-24fc2e49b9c3/window/rect[39m
[35m[HTTP][39m [90m{}[39m
[35m[HTTP][39m [37m<-- GET /wd/hub/session/b08a9067-bd42-4efb-b035-24fc2e49b9c3/window/rect [39m[32m200[39m [90m39 ms - 49[39m
[35m[HTTP][39m [90m[39m
[35m[HTTP][39m [37m-->[39m [37mPOST[39m [37m/wd/hub/session/b08a9067-bd42-4efb-b035-24fc2e49b9c3/elements[39m
[35m[HTTP][39m [90m{"using":"xpath","value":"//*[@class = 'android.widget.EditText' and (@text = 'Password' or . = 'Password') and @resource-id = '']"}[39m
[35m[HTTP][39m [37m<-- POST /wd/hub/session/b08a9067-bd42-4efb-b035-24fc2e49b9c3/elements [39m[32m200[39m [90m233 ms - 139[39m
[35m[HTTP][39m [90m[39m
[35m[HTTP][39m [37m-->[39m [37mGET[39m [37m/wd/hub/session/b08a9067-bd42-4efb-b035-24fc2e49b9c3/element/00000000-0000-000a-0000-002c00000000/location[39m
[35m[HTTP][39m [90m{}[39m
[35m[W3C (b08a9067)][39m Driver proxy active, passing request on via HTTP proxy
[35m[WD Proxy][39m Replacing sessionId b761e5a0-cf81-4fcc-95f6-cd293c67bb2c with b08a9067-bd42-4efb-b035-24fc2e49b9c3
[35m[HTTP][39m [37m<-- GET /wd/hub/session/b08a9067-bd42-4efb-b035-24fc2e49b9c3/element/00000000-0000-000a-0000-002c00000000/location [39m[32m200[39m [90m35 ms - 77[39m
[35m[HTTP][39m [90m[39m
[35m[HTTP][39m [37m-->[39m [37mPOST[39m [37m/wd/hub/session/b08a9067-bd42-4efb-b035-24fc2e49b9c3/element/00000000-0000-000a-0000-002c00000000/clear[39m
[35m[HTTP][39m [90m{"id":"00000000-0000-000a-0000-002c00000000"}[39m
[35m[HTTP][39m [37m<-- POST /wd/hub/session/b08a9067-bd42-4efb-b035-24fc2e49b9c3/element/00000000-0000-000a-0000-002c00000000/clear [39m[32m200[39m [90m43 ms - 14[39m
[35m[HTTP][39m [90m[39m
[35m[HTTP][39m [37m-->[39m [37mPOST[39m [37m/wd/hub/session/b08a9067-bd42-4efb-b035-24fc2e49b9c3/element/00000000-0000-000a-0000-002c00000000/value[39m
[35m[HTTP][39m [90m{"id":"00000000-0000-000a-0000-002c00000000","text":"Windows15","value":["W","i","n","d","o","w","s","1","5"]}[39m
[35m[HTTP][39m [37m<-- POST /wd/hub/session/b08a9067-bd42-4efb-b035-24fc2e49b9c3/element/00000000-0000-000a-0000-002c00000000/value [39m[32m200[39m [90m66 ms - 14[39m
[35m[HTTP][39m [90m[39m
[35m[HTTP][39m [37m-->[39m [37mGET[39m [37m/wd/hub/session/b08a9067-bd42-4efb-b035-24fc2e49b9c3/source[39m
[35m[HTTP][39m [90m{}[39m
[35m[W3C (b08a9067)][39m Driver proxy active, passing request on via HTTP proxy
[35m[WD Proxy][39m Replacing sessionId b761e5a0-cf81-4fcc-95f6-cd293c67bb2c with b08a9067-bd42-4efb-b035-24fc2e49b9c3
[35m[HTTP][39m [37m<-- GET /wd/hub/session/b08a9067-bd42-4efb-b035-24fc2e49b9c3/source [39m[32m200[39m [90m205 ms - 7010[39m
[35m[HTTP][39m [90m[39m
[35m[HTTP][39m [37m-->[39m [37mGET[39m [37m/wd/hub/session/b08a9067-bd42-4efb-b035-24fc2e49b9c3/screenshot[39m
[35m[HTTP][39m [90m{}[39m
[35m[HTTP][39m [37m<-- GET /wd/hub/session/b08a9067-bd42-4efb-b035-24fc2e49b9c3/screenshot [39m[32m200[39m [90m654 ms - 125744[39m
[35m[HTTP][39m [90m[39m
[35m[HTTP][39m [37m-->[39m [37mPOST[39m [37m/wd/hub/session/b08a9067-bd42-4efb-b035-24fc2e49b9c3/elements[39m
[35m[HTTP][39m [90m{"using":"xpath","value":"//*[@class = 'android.widget.Button' and @resource-id = '' and (@text = '' or . = '')]"}[39m
[35m[HTTP][39m [37m<-- POST /wd/hub/session/b08a9067-bd42-4efb-b035-24fc2e49b9c3/elements [39m[32m200[39m [90m267 ms - 395[39m
[35m[HTTP][39m [90m[39m
[35m[HTTP][39m [37m-->[39m [37mPOST[39m [37m/wd/hub/session/b08a9067-bd42-4efb-b035-24fc2e49b9c3/elements[39m
[35m[HTTP][39m [90m{"using":"accessibility id","value":"Login"}[39m
[35m[HTTP][39m [37m<-- POST /wd/hub/session/b08a9067-bd42-4efb-b035-24fc2e49b9c3/elements [39m[32m200[39m [90m49 ms - 267[39m
[35m[HTTP][39m [90m[39m
[35m[HTTP][39m [37m-->[39m [37mPOST[39m [37m/wd/hub/session/b08a9067-bd42-4efb-b035-24fc2e49b9c3/elements[39m
[35m[HTTP][39m [90m{"using":"-android uiautomator","value":"new UiSelector().className(\"android.widget.Button\").resourceId(\"\")"}[39m
[35m[HTTP][39m [37m<-- POST /wd/hub/session/b08a9067-bd42-4efb-b035-24fc2e49b9c3/elements [39m[32m200[39m [90m88 ms - 395[39m
[35m[HTTP][39m [90m[39m
[35m[HTTP][39m [37m-->[39m [37mGET[39m [37m/wd/hub/session/b08a9067-bd42-4efb-b035-24fc2e49b9c3/window/rect[39m
[35m[HTTP][39m [90m{}[39m
[35m[HTTP][39m [37m<-- GET /wd/hub/session/b08a9067-bd42-4efb-b035-24fc2e49b9c3/window/rect [39m[32m200[39m [90m23 ms - 49[39m
[35m[HTTP][39m [90m[39m
[35m[HTTP][39m [37m-->[39m [37mPOST[39m [37m/wd/hub/session/b08a9067-bd42-4efb-b035-24fc2e49b9c3/elements[39m
[35m[HTTP][39m [90m{"using":"xpath","value":"//hierarchy/android.widget.FrameLayout[1]/android.widget.LinearLayout[1]/android.widget.FrameLayout[1]/android.widget.FrameLayout[1]/android.view.View[1]/android.view.View[1]/android.view.View[1]/android.view.View[1]/android.widget.Button[1]"}[39m
[35m[HTTP][39m [37m<-- POST /wd/hub/session/b08a9067-bd42-4efb-b035-24fc2e49b9c3/elements [39m[32m200[39m [90m181 ms - 139[39m
[35m[HTTP][39m [90m[39m
[35m[HTTP][39m [37m-->[39m [37mGET[39m [37m/wd/hub/session/b08a9067-bd42-4efb-b035-24fc2e49b9c3/element/00000000-0000-000a-0000-002d00000000/location[39m
[35m[HTTP][39m [90m{}[39m
[35m[W3C (b08a9067)][39m Driver proxy active, passing request on via HTTP proxy
[35m[WD Proxy][39m Replacing sessionId b761e5a0-cf81-4fcc-95f6-cd293c67bb2c with b08a9067-bd42-4efb-b035-24fc2e49b9c3
[35m[HTTP][39m [37m<-- GET /wd/hub/session/b08a9067-bd42-4efb-b035-24fc2e49b9c3/element/00000000-0000-000a-0000-002d00000000/location [39m[32m200[39m [90m30 ms - 78[39m
[35m[HTTP][39m [90m[39m
[35m[HTTP][39m [37m-->[39m [37mPOST[39m [37m/wd/hub/session/b08a9067-bd42-4efb-b035-24fc2e49b9c3/element/00000000-0000-000a-0000-002d00000000/click[39m
[35m[HTTP][39m [90m{"id":"00000000-0000-000a-0000-002d00000000"}[39m
[35m[HTTP][39m [37m<-- POST /wd/hub/session/b08a9067-bd42-4efb-b035-24fc2e49b9c3/element/00000000-0000-000a-0000-002d00000000/click [39m[32m200[39m [90m69 ms - 14[39m
[35m[HTTP][39m [90m[39m
[35m[HTTP][39m [37m-->[39m [37mGET[39m [37m/wd/hub/session/b08a9067-bd42-4efb-b035-24fc2e49b9c3/source[39m
[35m[HTTP][39m [90m{}[39m
[35m[W3C (b08a9067)][39m Driver proxy active, passing request on via HTTP proxy
[35m[WD Proxy][39m Replacing sessionId b761e5a0-cf81-4fcc-95f6-cd293c67bb2c with b08a9067-bd42-4efb-b035-24fc2e49b9c3
[35m[HTTP][39m [37m<-- GET /wd/hub/session/b08a9067-bd42-4efb-b035-24fc2e49b9c3/source [39m[32m200[39m [90m176 ms - 7010[39m
[35m[HTTP][39m [90m[39m
[35m[HTTP][39m [37m-->[39m [37mGET[39m [37m/wd/hub/session/b08a9067-bd42-4efb-b035-24fc2e49b9c3/screenshot[39m
[35m[HTTP][39m [90m{}[39m
[35m[HTTP][39m [37m<-- GET /wd/hub/session/b08a9067-bd42-4efb-b035-24fc2e49b9c3/screenshot [39m[32m200[39m [90m689 ms - 125654[39m
[35m[HTTP][39m [90m[39m
[35m[HTTP][39m [37m-->[39m [37mGET[39m [37m/wd/hub/session/b08a9067-bd42-4efb-b035-24fc2e49b9c3/source[39m
[35m[HTTP][39m [90m{}[39m
[35m[W3C (b08a9067)][39m Driver proxy active, passing request on via HTTP proxy
[35m[WD Proxy][39m Replacing sessionId b761e5a0-cf81-4fcc-95f6-cd293c67bb2c with b08a9067-bd42-4efb-b035-24fc2e49b9c3
[35m[HTTP][39m [37m<-- GET /wd/hub/session/b08a9067-bd42-4efb-b035-24fc2e49b9c3/source [39m[32m200[39m [90m349 ms - 16201[39m
[35m[HTTP][39m [90m[39m
[35m[HTTP][39m [37m-->[39m [37mGET[39m [37m/wd/hub/session/b08a9067-bd42-4efb-b035-24fc2e49b9c3/screenshot[39m
[35m[HTTP][39m [90m{}[39m
[35m[HTTP][39m [37m<-- GET /wd/hub/session/b08a9067-bd42-4efb-b035-24fc2e49b9c3/screenshot [39m[32m200[39m [90m632 ms - 100904[39m
[35m[HTTP][39m [90m[39m
[35m[HTTP][39m [37m-->[39m [37mPOST[39m [37m/wd/hub/session/b08a9067-bd42-4efb-b035-24fc2e49b9c3/elements[39m
[35m[HTTP][39m [90m{"using":"xpath","value":"//*[@class = 'android.widget.Button' and @resource-id = '' and (@text = '' or . = '')]"}[39m
[35m[HTTP][39m [37m<-- POST /wd/hub/session/b08a9067-bd42-4efb-b035-24fc2e49b9c3/elements [39m[32m200[39m [90m342 ms - 779[39m
[35m[HTTP][39m [90m[39m
[35m[HTTP][39m [37m-->[39m [37mPOST[39m [37m/wd/hub/session/b08a9067-bd42-4efb-b035-24fc2e49b9c3/elements[39m
[35m[HTTP][39m [90m{"using":"-android uiautomator","value":"new UiSelector().className(\"android.widget.Button\").resourceId(\"\")"}[39m
[35m[HTTP][39m [37m<-- POST /wd/hub/session/b08a9067-bd42-4efb-b035-24fc2e49b9c3/elements [39m[32m200[39m [90m134 ms - 779[39m
[35m[HTTP][39m [90m[39m
[35m[HTTP][39m [37m-->[39m [37mGET[39m [37m/wd/hub/session/b08a9067-bd42-4efb-b035-24fc2e49b9c3/window/rect[39m
[35m[HTTP][39m [90m{}[39m
[35m[HTTP][39m [37m<-- GET /wd/hub/session/b08a9067-bd42-4efb-b035-24fc2e49b9c3/window/rect [39m[32m200[39m [90m24 ms - 49[39m
[35m[HTTP][39m [90m[39m
[35m[HTTP][39m [37m-->[39m [37mPOST[39m [37m/wd/hub/session/b08a9067-bd42-4efb-b035-24fc2e49b9c3/elements[39m
[35m[HTTP][39m [90m{"using":"xpath","value":"//hierarchy/android.widget.FrameLayout[1]/android.widget.LinearLayout[1]/android.widget.FrameLayout[1]/android.widget.FrameLayout[1]/android.view.View[1]/android.view.View[1]/android.view.View[1]/android.view.View[1]/android.view.View[1]/android.widget.Button[1]"}[39m
[35m[HTTP][39m [37m<-- POST /wd/hub/session/b08a9067-bd42-4efb-b035-24fc2e49b9c3/elements [39m[32m200[39m [90m627 ms - 139[39m
[35m[HTTP][39m [90m[39m
[35m[HTTP][39m [37m-->[39m [37mGET[39m [37m/wd/hub/session/b08a9067-bd42-4efb-b035-24fc2e49b9c3/element/00000000-0000-000a-0000-000700000000/location[39m
[35m[HTTP][39m [90m{}[39m
[35m[W3C (b08a9067)][39m Driver proxy active, passing request on via HTTP proxy
[35m[WD Proxy][39m Replacing sessionId b761e5a0-cf81-4fcc-95f6-cd293c67bb2c with b08a9067-bd42-4efb-b035-24fc2e49b9c3
[35m[HTTP][39m [37m<-- GET /wd/hub/session/b08a9067-bd42-4efb-b035-24fc2e49b9c3/element/00000000-0000-000a-0000-000700000000/location [39m[32m200[39m [90m26 ms - 77[39m
[35m[HTTP][39m [90m[39m
[35m[HTTP][39m [37m-->[39m [37mPOST[39m [37m/wd/hub/session/b08a9067-bd42-4efb-b035-24fc2e49b9c3/element/00000000-0000-000a-0000-000700000000/click[39m
[35m[HTTP][39m [90m{"id":"00000000-0000-000a-0000-000700000000"}[39m
[35m[HTTP][39m [37m<-- POST /wd/hub/session/b08a9067-bd42-4efb-b035-24fc2e49b9c3/element/00000000-0000-000a-0000-000700000000/click [39m[32m200[39m [90m39 ms - 14[39m
[35m[HTTP][39m [90m[39m
[35m[HTTP][39m [37m-->[39m [37mGET[39m [37m/wd/hub/session/b08a9067-bd42-4efb-b035-24fc2e49b9c3/source[39m
[35m[HTTP][39m [90m{}[39m
[35m[W3C (b08a9067)][39m Driver proxy active, passing request on via HTTP proxy
[35m[WD Proxy][39m Replacing sessionId b761e5a0-cf81-4fcc-95f6-cd293c67bb2c with b08a9067-bd42-4efb-b035-24fc2e49b9c3
[35m[HTTP][39m [37m<-- GET /wd/hub/session/b08a9067-bd42-4efb-b035-24fc2e49b9c3/source [39m[32m200[39m [90m310 ms - 16201[39m
[35m[HTTP][39m [90m[39m
[35m[HTTP][39m [37m-->[39m [37mGET[39m [37m/wd/hub/session/b08a9067-bd42-4efb-b035-24fc2e49b9c3/screenshot[39m
[35m[HTTP][39m [90m{}[39m
[35m[HTTP][39m [37m<-- GET /wd/hub/session/b08a9067-bd42-4efb-b035-24fc2e49b9c3/screenshot [39m[32m200[39m [90m592 ms - 100884[39m
[35m[HTTP][39m [90m[39m
[35m[HTTP][39m [37m-->[39m [37mDELETE[39m [37m/wd/hub/session/b08a9067-bd42-4efb-b035-24fc2e49b9c3[39m
[35m[HTTP][39m [90m{}[39m
[35m[Appium][39m Removing session b08a9067-bd42-4efb-b035-24fc2e49b9c3 from our master session list
[35m[UiAutomator2][39m Restoring hidden api policy to the device default configuration
[35m[HTTP][39m [37m<-- DELETE /wd/hub/session/b08a9067-bd42-4efb-b035-24fc2e49b9c3 [39m[32m200[39m [90m575 ms - 14[39m
[35m[HTTP][39m [90m[39m
